17:56:04.453 [TestNG-test-Chrometest-1] INFO  testCases.TC_001_Account_Registration_Test - --Entering user Second name--
17:56:04.633 [TestNG-test-Chrometest-1] INFO  testCases.TC_001_Account_Registration_Test - --Entering user Email--
17:56:04.752 [TestNG-test-Chrometest-1] INFO  testCases.TC_001_Account_Registration_Test - --Generating password and Entering password--
17:56:04.853 [TestNG-test-Chrometest-1] INFO  testCases.TC_001_Account_Registration_Test - --Setting the Agreement terms toggle to YES--
17:56:05.471 [TestNG-test-Chrometest-1] INFO  testCases.TC_001_Account_Registration_Test - --Clicking continue button after entering the user details--
17:56:05.540 [TestNG-test-Chrometest-1] INFO  testCases.TC_001_Account_Registration_Test - --Verifying the confirmation message after account is created--
17:56:08.813 [TestNG-test-Chrometest-1] INFO  testCases.TC_001_Account_Registration_Test - *************Account registration test case completed******************************
17:56:39.575 [TestNG-test-Edgetest-1] INFO  testCases.TC_001_Account_Registration_Test - ************* Starting Account registration test case******************************
17:56:39.577 [TestNG-test-Edgetest-1] DEBUG testCases.TC_001_Account_Registration_Test - ************ Application logs*****************************************************
17:56:39.578 [TestNG-test-Edgetest-1] INFO  testCases.TC_001_Account_Registration_Test - --Clicking on Account My Account option--
17:56:40.540 [TestNG-test-Edgetest-1] INFO  testCases.TC_001_Account_Registration_Test - --Clicking on Register option--
17:56:45.535 [TestNG-test-Edgetest-1] INFO  testCases.TC_001_Account_Registration_Test - --Entering user First name--
17:56:51.343 [TestNG-test-Edgetest-1] INFO  testCases.TC_001_Account_Registration_Test - --Entering user Second name--
17:56:51.679 [TestNG-test-Edgetest-1] INFO  testCases.TC_001_Account_Registration_Test - --Entering user Email--
17:56:51.852 [TestNG-test-Edgetest-1] INFO  testCases.TC_001_Account_Registration_Test - --Generating password and Entering password--
17:56:52.150 [TestNG-test-Edgetest-1] INFO  testCases.TC_001_Account_Registration_Test - --Setting the Agreement terms toggle to YES--
17:56:53.363 [TestNG-test-Edgetest-1] INFO  testCases.TC_001_Account_Registration_Test - --Clicking continue button after entering the user details--
17:56:56.336 [TestNG-test-Edgetest-1] INFO  testCases.TC_001_Account_Registration_Test - --Verifying the confirmation message after account is created--
17:57:08.957 [TestNG-test-Edgetest-1] INFO  testCases.TC_001_Account_Registration_Test - *************Account registration test case completed******************************
17:58:32.859 [TestNG-tests-2] INFO  testCases.TC_001_Account_Registration_Test - ************* Starting Account registration test case******************************
17:58:33.040 [TestNG-tests-2] DEBUG testCases.TC_001_Account_Registration_Test - ************ Application logs*****************************************************
17:58:34.043 [TestNG-tests-2] INFO  testCases.TC_001_Account_Registration_Test - --Clicking on Account My Account option--
17:58:35.386 [TestNG-tests-1] INFO  testCases.TC_001_Account_Registration_Test - ************* Starting Account registration test case******************************
17:58:35.388 [TestNG-tests-1] DEBUG testCases.TC_001_Account_Registration_Test - ************ Application logs*****************************************************
17:58:35.390 [TestNG-tests-1] INFO  testCases.TC_001_Account_Registration_Test - --Clicking on Account My Account option--
17:58:35.512 [TestNG-tests-2] INFO  testCases.TC_001_Account_Registration_Test - --Clicking on Register option--
17:58:37.905 [TestNG-tests-1] INFO  testCases.TC_001_Account_Registration_Test - --Clicking on Register option--
17:58:38.493 [TestNG-tests-2] INFO  testCases.TC_001_Account_Registration_Test - --Entering user First name--
17:58:39.658 [TestNG-tests-2] INFO  testCases.TC_001_Account_Registration_Test - --Entering user Second name--
17:58:39.785 [TestNG-tests-2] INFO  testCases.TC_001_Account_Registration_Test - --Entering user Email--
17:58:39.924 [TestNG-tests-2] INFO  testCases.TC_001_Account_Registration_Test - --Generating password and Entering password--
17:58:42.902 [TestNG-tests-2] INFO  testCases.TC_001_Account_Registration_Test - --Setting the Agreement terms toggle to YES--
17:58:45.415 [TestNG-tests-2] INFO  testCases.TC_001_Account_Registration_Test - --Clicking continue button after entering the user details--
17:58:45.940 [TestNG-tests-1] INFO  testCases.TC_001_Account_Registration_Test - --Entering user First name--
17:58:46.917 [TestNG-tests-2] INFO  testCases.TC_001_Account_Registration_Test - --Verifying the confirmation message after account is created--
17:58:54.314 [TestNG-tests-2] INFO  testCases.TC_001_Account_Registration_Test - *************Account registration test case completed******************************
17:58:54.455 [TestNG-tests-1] INFO  testCases.TC_001_Account_Registration_Test - --Entering user Second name--
